*****************************************************************************
ParFlow Output Log
	Version         : v3.15.0-24-g30a95856
	Compiled on     : Jun 12 2026 22:26:31
*****************************************************************************
==============================================
BEGIN Log Info (MGSemi)

coarsening direction
--------------------
        x
        x
        x
        x
        x
        x
        x

END Log Info
==============================================
==============================================
BEGIN Log Info (PCG)

Iters       ||r||_C    ||r||_C/||b||_C
-----    ------------    ------------
    1    1.004859e-14    6.377616e-17
    2    6.431995e-31    4.082243e-33
    3    3.215733e-46    2.040954e-48
    4    1.631982e-61    1.035782e-63

END Log Info
==============================================
==============================================
BEGIN Log Info (SolverImpes)

Transient Problem Solved.
-------------------------
Sequence #       Time         \Delta t         Dumpfile #   Recompute?
----------   ------------   ------------ -     ----------   ----------
  000000     0.000000e+00   0.000000e+00 i       000000          y
  000001     6.000000e-01   6.000000e-01 c                       n
  000002     1.200000e+00   6.000000e-01 c                       n
  000003     1.800000e+00   6.000000e-01 c                       n
  000004     2.400000e+00   6.000000e-01 c                       n
  000005     3.000000e+00   6.000000e-01 c                       n
  000006     3.600000e+00   6.000000e-01 c                       n
  000007     4.200000e+00   6.000000e-01 c                       n
  000008     4.800000e+00   6.000000e-01 c                       n
  000009     5.400000e+00   6.000000e-01 c                       n
  000010     6.000000e+00   6.000000e-01 c                       n
  000011     6.600000e+00   6.000000e-01 c                       n
  000012     7.200000e+00   6.000000e-01 c                       n
  000013     7.800000e+00   6.000000e-01 c                       n
  000014     8.400000e+00   6.000000e-01 c                       n
  000015     9.000000e+00   6.000000e-01 c                       n
  000016     9.600000e+00   6.000000e-01 c                       n
  000017     1.000000e+01   4.000000e-01 p       000002          n
  000018     1.060000e+01   6.000000e-01 c                       n
  000019     1.120000e+01   6.000000e-01 c                       n
  000020     1.180000e+01   6.000000e-01 c                       n
  000021     1.240000e+01   6.000000e-01 c                       n
  000022     1.300000e+01   6.000000e-01 c                       n
  000023     1.360000e+01   6.000000e-01 c                       n
  000024     1.420000e+01   6.000000e-01 c                       n
  000025     1.480000e+01   6.000000e-01 c                       n
  000026     1.540000e+01   6.000000e-01 c                       n
  000027     1.600000e+01   6.000000e-01 c                       n
  000028     1.660000e+01   6.000000e-01 c                       n
  000029     1.720000e+01   6.000000e-01 c                       n
  000030     1.780000e+01   6.000000e-01 c                       n
  000031     1.840000e+01   6.000000e-01 c                       n
  000032     1.900000e+01   6.000000e-01 c                       n
  000033     1.960000e+01   6.000000e-01 c                       n
  000034     2.000000e+01   4.000000e-01 p       000003          n
  000035     2.060000e+01   6.000000e-01 c                       n
  000036     2.120000e+01   6.000000e-01 c                       n
  000037     2.180000e+01   6.000000e-01 c                       n
  000038     2.240000e+01   6.000000e-01 c                       n
  000039     2.300000e+01   6.000000e-01 c                       n
  000040     2.360000e+01   6.000000e-01 c                       n
  000041     2.420000e+01   6.000000e-01 c                       n
  000042     2.480000e+01   6.000000e-01 c                       n
  000043     2.540000e+01   6.000000e-01 c                       n
  000044     2.600000e+01   6.000000e-01 c                       n
  000045     2.660000e+01   6.000000e-01 c                       n
  000046     2.720000e+01   6.000000e-01 c                       n
  000047     2.780000e+01   6.000000e-01 c                       n
  000048     2.840000e+01   6.000000e-01 c                       n
  000049     2.900000e+01   6.000000e-01 c                       n
  000050     2.960000e+01   6.000000e-01 c                       n
  000051     3.000000e+01   4.000000e-01 p       000004          n
  000052     3.060000e+01   6.000000e-01 c                       n
  000053     3.120000e+01   6.000000e-01 c                       n
  000054     3.180000e+01   6.000000e-01 c                       n
  000055     3.240000e+01   6.000000e-01 c                       n
  000056     3.300000e+01   6.000000e-01 c                       n
  000057     3.360000e+01   6.000000e-01 c                       n
  000058     3.420000e+01   6.000000e-01 c                       n
  000059     3.480000e+01   6.000000e-01 c                       n
  000060     3.540000e+01   6.000000e-01 c                       n
  000061     3.600000e+01   6.000000e-01 c                       n
  000062     3.660000e+01   6.000000e-01 c                       n
  000063     3.720000e+01   6.000000e-01 c                       n
  000064     3.780000e+01   6.000000e-01 c                       n
  000065     3.840000e+01   6.000000e-01 c                       n
  000066     3.900000e+01   6.000000e-01 c                       n
  000067     3.960000e+01   6.000000e-01 c                       n
  000068     4.000000e+01   4.000000e-01 p       000005          n
  000069     4.060000e+01   6.000000e-01 c                       n
  000070     4.120000e+01   6.000000e-01 c                       n
  000071     4.180000e+01   6.000000e-01 c                       n
  000072     4.240000e+01   6.000000e-01 c                       n
  000073     4.300000e+01   6.000000e-01 c                       n
  000074     4.360000e+01   6.000000e-01 c                       n
  000075     4.420000e+01   6.000000e-01 c                       n
  000076     4.480000e+01   6.000000e-01 c                       n
  000077     4.540000e+01   6.000000e-01 c                       n
  000078     4.600000e+01   6.000000e-01 c                       n
  000079     4.660000e+01   6.000000e-01 c                       n
  000080     4.720000e+01   6.000000e-01 c                       n
  000081     4.780000e+01   6.000000e-01 c                       n
  000082     4.840000e+01   6.000000e-01 c                       n
  000083     4.900000e+01   6.000000e-01 c                       n
  000084     4.960000e+01   6.000000e-01 c                       n
  000085     5.000000e+01   4.000000e-01 f       000006          n

END Log Info
==============================================
==============================================
BEGIN Log Info (Globals)

Run Name: <ROOT>/verification-runs/cases/isotherms/out/isotherms_pf
Logging Level = 1
Num processes = 1
Process grid = (1,1,1)

END Log Info
==============================================
==============================================
BEGIN Log Info (Timing)

Solver Setup:
  wall clock time   = 0.002300 seconds
  wall MFLOPS = 0.000000 (0)
Solver:
  wall clock time   = 0.080100 seconds
  wall MFLOPS = 2.333071 (186879)
Richards Exclude 1st Time Step:
  wall clock time   = 0.000000 seconds
  wall MFLOPS = 0.000000 (0)
Solver Cleanup:
  wall clock time   = 0.000300 seconds
  wall MFLOPS = 0.000000 (0)
Matvec:
  wall clock time   = 0.000000 seconds
  wall MFLOPS = 0.000000 (27296)
PFSB I/O:
  wall clock time   = 0.000000 seconds
  wall MFLOPS = 0.000000 (0)
PFB I/O:
  wall clock time   = 0.002200 seconds
  wall MFLOPS = 0.000000 (0)
CLM:
  wall clock time   = 0.000000 seconds
  wall MFLOPS = 0.000000 (0)
PFSOL Read:
  wall clock time   = 0.000000 seconds
  wall MFLOPS = 0.000000 (0)
Clustering:
  wall clock time   = 0.017900 seconds
  wall MFLOPS = 0.000000 (0)
Netcdf I/O:
  wall clock time   = 0.000000 seconds
  wall MFLOPS = 0.000000 (0)
PDI I/O:
  wall clock time   = 0.000000 seconds
  wall MFLOPS = 0.000000 (0)
MGSemi:
  wall clock time   = 0.000000 seconds
  wall MFLOPS = 0.000000 (65142)
PCG:
  wall clock time   = 0.000100 seconds
  wall MFLOPS = 776.390000 (77639)
Permeability Face:
  wall clock time   = 0.000000 seconds
  wall MFLOPS = 0.000000 (0)
Phase Velocity Face:
  wall clock time   = 0.004800 seconds
  wall MFLOPS = 15.425000 (74040)
Total Velocity Face:
  wall clock time   = 0.000000 seconds
  wall MFLOPS = 0.000000 (0)
Godunov Saturation:
  wall clock time   = 0.000000 seconds
  wall MFLOPS = 0.000000 (0)
Godunov Advection:
  wall clock time   = 0.000500 seconds
  wall MFLOPS = 17.000000 (8500)
Geometries:
  wall clock time   = 0.009800 seconds
  wall MFLOPS = 0.000000 (0)
SubsrfSim:
  wall clock time   = 0.000100 seconds
  wall MFLOPS = 0.000000 (0)
Porosity:
  wall clock time   = 0.000000 seconds
  wall MFLOPS = 0.000000 (0)
Chemistry Initialization:
  wall clock time   = 0.052500 seconds
  wall MFLOPS = 0.003810 (200)
Chemistry Solver:
  wall clock time   = 0.006700 seconds
  wall MFLOPS = 0.149254 (1000)

END Log Info
==============================================
==============================================
BEGIN Log Info (ParFlow Total Time)

Total Run Time: 0.083400 seconds




END Log Info
==============================================
