*****************************************************************************
ParFlow Output Log
	Version         : v3.15.0-22-g449f7f3d
	Compiled on     : Jun 12 2026 17:25:04
*****************************************************************************
==============================================
BEGIN Log Info (MGSemi)

coarsening direction
--------------------
        x
        x
        x
        x
        x
        x
        x

END Log Info
==============================================
==============================================
BEGIN Log Info (PCG)

Iters       ||r||_C    ||r||_C/||b||_C
-----    ------------    ------------
    1    1.004859e-14    6.377616e-17
    2    6.431995e-31    4.082243e-33
    3    3.215733e-46    2.040954e-48
    4    1.631982e-61    1.035782e-63

END Log Info
==============================================
==============================================
BEGIN Log Info (SolverImpes)

Transient Problem Solved.
-------------------------
Sequence #       Time         \Delta t         Dumpfile #   Recompute?
----------   ------------   ------------ -     ----------   ----------
  000000     0.000000e+00   0.000000e+00 i       000000          y
  000001     6.666667e-01   6.666667e-01 c                       n
  000002     1.333333e+00   6.666667e-01 c                       n
  000003     2.000000e+00   6.666667e-01 c                       n
  000004     2.666667e+00   6.666667e-01 c                       n
  000005     3.333333e+00   6.666667e-01 c                       n
  000006     4.000000e+00   6.666667e-01 c                       n
  000007     4.666667e+00   6.666667e-01 c                       n
  000008     5.333333e+00   6.666667e-01 c                       n
  000009     6.000000e+00   6.666667e-01 c                       n
  000010     6.666667e+00   6.666667e-01 c                       n
  000011     7.333333e+00   6.666667e-01 c                       n
  000012     8.000000e+00   6.666667e-01 c                       n
  000013     8.666667e+00   6.666667e-01 c                       n
  000014     9.333333e+00   6.666667e-01 c                       n
  000015     1.000000e+01   6.666667e-01 p       000002          n
  000016     1.066667e+01   6.666667e-01 c                       n
  000017     1.133333e+01   6.666667e-01 c                       n
  000018     1.200000e+01   6.666667e-01 c                       n
  000019     1.266667e+01   6.666667e-01 c                       n
  000020     1.333333e+01   6.666667e-01 c                       n
  000021     1.400000e+01   6.666667e-01 c                       n
  000022     1.466667e+01   6.666667e-01 c                       n
  000023     1.533333e+01   6.666667e-01 c                       n
  000024     1.600000e+01   6.666667e-01 c                       n
  000025     1.666667e+01   6.666667e-01 c                       n
  000026     1.733333e+01   6.666667e-01 c                       n
  000027     1.800000e+01   6.666667e-01 c                       n
  000028     1.866667e+01   6.666667e-01 c                       n
  000029     1.933333e+01   6.666667e-01 c                       n
  000030     2.000000e+01   6.666667e-01 p       000003          n
  000031     2.066667e+01   6.666667e-01 c                       n
  000032     2.133333e+01   6.666667e-01 c                       n
  000033     2.200000e+01   6.666667e-01 c                       n
  000034     2.266667e+01   6.666667e-01 c                       n
  000035     2.333333e+01   6.666667e-01 c                       n
  000036     2.400000e+01   6.666667e-01 c                       n
  000037     2.466667e+01   6.666667e-01 c                       n
  000038     2.533333e+01   6.666667e-01 c                       n
  000039     2.600000e+01   6.666667e-01 c                       n
  000040     2.666667e+01   6.666667e-01 c                       n
  000041     2.733333e+01   6.666667e-01 c                       n
  000042     2.800000e+01   6.666667e-01 c                       n
  000043     2.866667e+01   6.666667e-01 c                       n
  000044     2.933333e+01   6.666667e-01 c                       n
  000045     3.000000e+01   6.666667e-01 p       000004          n
  000046     3.066667e+01   6.666667e-01 c                       n
  000047     3.133333e+01   6.666667e-01 c                       n
  000048     3.200000e+01   6.666667e-01 c                       n
  000049     3.266667e+01   6.666667e-01 c                       n
  000050     3.333333e+01   6.666667e-01 c                       n
  000051     3.400000e+01   6.666667e-01 c                       n
  000052     3.466667e+01   6.666667e-01 c                       n
  000053     3.533333e+01   6.666667e-01 c                       n
  000054     3.600000e+01   6.666667e-01 c                       n
  000055     3.666667e+01   6.666667e-01 c                       n
  000056     3.733333e+01   6.666667e-01 c                       n
  000057     3.800000e+01   6.666667e-01 c                       n
  000058     3.866667e+01   6.666667e-01 c                       n
  000059     3.933333e+01   6.666667e-01 c                       n
  000060     4.000000e+01   6.666667e-01 p       000005          n
  000061     4.066667e+01   6.666667e-01 c                       n
  000062     4.133333e+01   6.666667e-01 c                       n
  000063     4.200000e+01   6.666667e-01 c                       n
  000064     4.266667e+01   6.666667e-01 c                       n
  000065     4.333333e+01   6.666667e-01 c                       n
  000066     4.400000e+01   6.666667e-01 c                       n
  000067     4.466667e+01   6.666667e-01 c                       n
  000068     4.533333e+01   6.666667e-01 c                       n
  000069     4.600000e+01   6.666667e-01 c                       n
  000070     4.666667e+01   6.666667e-01 c                       n
  000071     4.733333e+01   6.666667e-01 c                       n
  000072     4.800000e+01   6.666667e-01 c                       n
  000073     4.866667e+01   6.666667e-01 c                       n
  000074     4.933333e+01   6.666667e-01 c                       n
  000075     5.000000e+01   6.666667e-01 f       000006          n

END Log Info
==============================================
==============================================
BEGIN Log Info (Globals)

Run Name: tracer_pf
Logging Level = 1
Num processes = 1
Process grid = (1,1,1)

END Log Info
==============================================
==============================================
BEGIN Log Info (Timing)

Solver Setup:
  wall clock time   = 0.002600 seconds
  wall MFLOPS = 0.000000 (0)
Solver:
  wall clock time   = 0.111600 seconds
  wall MFLOPS = 1.638701 (182879)
Richards Exclude 1st Time Step:
  wall clock time   = 0.000000 seconds
  wall MFLOPS = 0.000000 (0)
Solver Cleanup:
  wall clock time   = 0.000200 seconds
  wall MFLOPS = 0.000000 (0)
Matvec:
  wall clock time   = 0.000000 seconds
  wall MFLOPS = 0.000000 (27296)
PFSB I/O:
  wall clock time   = 0.000000 seconds
  wall MFLOPS = 0.000000 (0)
PFB I/O:
  wall clock time   = 0.001700 seconds
  wall MFLOPS = 0.000000 (0)
CLM:
  wall clock time   = 0.000000 seconds
  wall MFLOPS = 0.000000 (0)
PFSOL Read:
  wall clock time   = 0.000000 seconds
  wall MFLOPS = 0.000000 (0)
Clustering:
  wall clock time   = 0.020500 seconds
  wall MFLOPS = 0.000000 (0)
Netcdf I/O:
  wall clock time   = 0.000000 seconds
  wall MFLOPS = 0.000000 (0)
PDI I/O:
  wall clock time   = 0.000000 seconds
  wall MFLOPS = 0.000000 (0)
MGSemi:
  wall clock time   = 0.000300 seconds
  wall MFLOPS = 217.140000 (65142)
PCG:
  wall clock time   = 0.000300 seconds
  wall MFLOPS = 258.796667 (77639)
Permeability Face:
  wall clock time   = 0.000000 seconds
  wall MFLOPS = 0.000000 (0)
Phase Velocity Face:
  wall clock time   = 0.005600 seconds
  wall MFLOPS = 13.221429 (74040)
Total Velocity Face:
  wall clock time   = 0.000000 seconds
  wall MFLOPS = 0.000000 (0)
Godunov Saturation:
  wall clock time   = 0.000000 seconds
  wall MFLOPS = 0.000000 (0)
Godunov Advection:
  wall clock time   = 0.001200 seconds
  wall MFLOPS = 6.250000 (7500)
Geometries:
  wall clock time   = 0.011100 seconds
  wall MFLOPS = 0.000000 (0)
SubsrfSim:
  wall clock time   = 0.000000 seconds
  wall MFLOPS = 0.000000 (0)
Porosity:
  wall clock time   = 0.000000 seconds
  wall MFLOPS = 0.000000 (0)
Chemistry Initialization:
  wall clock time   = 0.081500 seconds
  wall MFLOPS = 0.002454 (200)
Chemistry Solver:
  wall clock time   = 0.005400 seconds
  wall MFLOPS = 0.185185 (1000)

END Log Info
==============================================
==============================================
BEGIN Log Info (ParFlow Total Time)

Total Run Time: 0.115000 seconds




END Log Info
==============================================
