 CrunchJunk0.out          

  Title of simulation: Calcite dissolution for Amanzi calcite_1d benchmark - S. Molins Oct 1, 2


  --> Running in GIMRT mode (global implicit reaction and transport) 

  Extended Debye-Huckel activity model

   ---> Using database: calcite.dbs                                                                                         

  Number of components:                          3

  Number of secondary species:                   6

  Number of gases:                               1

  Number of kinetic minerals:                    1

  No surface complexation block found

     --> Calling database subroutine


  Number of reactions:                              8
  Number of complexes:                              6
  Number of minerals:                               1
  Number of gases:                                  1

     --> Finished reading database
  No ion exchange block found
  Fixing porosity at  0.2500
  No update of porosity

  Current density module: temperature


  ---> READING GEOCHEMICAL CONDITIONS  

  No aqueous kinetics block found
  Retardation parameters not found
  Assuming NO retardation (Kd = 0) 
 meta sizes:            3
TransportDriver: running 1D Calcite dissolution
TransportDriver: initializing at time 0...
TransportDriver: Finished initializing.
TransportDriver: step 0 (t = 0, dt = 2.84018e+07)
TransportDriver: step 1 (t = 2.84018e+07, dt = 2.84018e+07)
TransportDriver: step 2 (t = 5.68037e+07, dt = 2.84018e+07)
TransportDriver: step 3 (t = 8.52055e+07, dt = 2.84018e+07)
TransportDriver: step 4 (t = 1.13607e+08, dt = 2.84018e+07)
TransportDriver: step 5 (t = 1.42009e+08, dt = 2.84018e+07)
TransportDriver: step 6 (t = 1.70411e+08, dt = 2.84018e+07)
TransportDriver: step 7 (t = 1.98813e+08, dt = 2.84018e+07)
TransportDriver: step 8 (t = 2.27215e+08, dt = 2.84018e+07)
TransportDriver: step 9 (t = 2.55616e+08, dt = 2.84018e+07)
TransportDriver: step 10 (t = 2.84018e+08, dt = 2.84018e+07)
TransportDriver: step 11 (t = 3.1242e+08, dt = 2.84018e+07)
TransportDriver: step 12 (t = 3.40822e+08, dt = 2.84018e+07)
TransportDriver: step 13 (t = 3.69224e+08, dt = 2.84018e+07)
TransportDriver: step 14 (t = 3.97626e+08, dt = 2.84018e+07)
TransportDriver: step 15 (t = 4.26027e+08, dt = 2.84018e+07)
TransportDriver: step 16 (t = 4.54429e+08, dt = 2.84018e+07)
TransportDriver: step 17 (t = 4.82831e+08, dt = 2.84018e+07)
TransportDriver: step 18 (t = 5.11233e+08, dt = 2.84018e+07)
TransportDriver: step 19 (t = 5.39635e+08, dt = 2.84018e+07)
TransportDriver: step 20 (t = 5.68037e+08, dt = 2.84018e+07)
TransportDriver: step 21 (t = 5.96438e+08, dt = 2.84018e+07)
TransportDriver: step 22 (t = 6.2484e+08, dt = 2.84018e+07)
TransportDriver: step 23 (t = 6.53242e+08, dt = 2.84018e+07)
TransportDriver: step 24 (t = 6.81644e+08, dt = 2.84018e+07)
TransportDriver: step 25 (t = 7.10046e+08, dt = 2.84018e+07)
TransportDriver: step 26 (t = 7.38448e+08, dt = 2.84018e+07)
TransportDriver: step 27 (t = 7.66849e+08, dt = 2.84018e+07)
TransportDriver: step 28 (t = 7.95251e+08, dt = 2.84018e+07)
TransportDriver: step 29 (t = 8.23653e+08, dt = 2.84018e+07)
TransportDriver: step 30 (t = 8.52055e+08, dt = 2.84018e+07)
TransportDriver: step 31 (t = 8.80457e+08, dt = 2.84018e+07)
TransportDriver: step 32 (t = 9.08859e+08, dt = 2.84018e+07)
TransportDriver: step 33 (t = 9.3726e+08, dt = 2.84018e+07)
TransportDriver: step 34 (t = 9.65662e+08, dt = 2.84018e+07)
TransportDriver: step 35 (t = 9.94064e+08, dt = 2.84018e+07)
TransportDriver: step 36 (t = 1.02247e+09, dt = 2.84018e+07)
TransportDriver: step 37 (t = 1.05087e+09, dt = 2.84018e+07)
TransportDriver: step 38 (t = 1.07927e+09, dt = 2.84018e+07)
TransportDriver: step 39 (t = 1.10767e+09, dt = 2.84018e+07)
TransportDriver: step 40 (t = 1.13607e+09, dt = 2.84018e+07)
TransportDriver: step 41 (t = 1.16447e+09, dt = 2.84018e+07)
TransportDriver: step 42 (t = 1.19288e+09, dt = 2.84018e+07)
TransportDriver: step 43 (t = 1.22128e+09, dt = 2.84018e+07)
TransportDriver: step 44 (t = 1.24968e+09, dt = 2.84018e+07)
TransportDriver: step 45 (t = 1.27808e+09, dt = 2.84018e+07)
TransportDriver: step 46 (t = 1.30648e+09, dt = 2.84018e+07)
TransportDriver: step 47 (t = 1.33489e+09, dt = 2.84018e+07)
TransportDriver: step 48 (t = 1.36329e+09, dt = 2.84018e+07)
TransportDriver: step 49 (t = 1.39169e+09, dt = 2.84018e+07)
Success!
